<?xml version="1.0" encoding="UTF-8"?>
<testsuite name="ConversionTest" tests="1" skipped="0" failures="0" errors="0" timestamp="2021-04-06T09:03:50" hostname="theo-despoudis" time="0.027">
  <properties/>
  <testcase name="testTempConversion()" classname="ConversionTest" time="0.027"/>
  <system-out><![CDATA[]]></system-out>
  <system-err><![CDATA[]]></system-err>
</testsuite>
